2025-10-02T10:21:05.489+09:00  INFO 6992 --- [sboard] [Test worker] kr.co.sboard.mapper.ArticleMapperTest    : Starting ArticleMapperTest v0.0.4-SNAPSHOT using Java 17.0.16 with PID 6992 (started by GGG in C:\Users\GGG\Desktop\workspace\sboard)
2025-10-02T10:21:05.496+09:00  INFO 6992 --- [sboard] [Test worker] kr.co.sboard.mapper.ArticleMapperTest    : No active profile set, falling back to 1 default profile: "default"
2025-10-02T10:21:06.306+09:00  INFO 6992 --- [sboard] [Test worker] .s.d.r.c.RepositoryConfigurationDelegate : Bootstrapping Spring Data JPA repositories in DEFAULT mode.
2025-10-02T10:21:06.385+09:00  INFO 6992 --- [sboard] [Test worker] .s.d.r.c.RepositoryConfigurationDelegate : Finished Spring Data repository scanning in 69 ms. Found 4 JPA repository interfaces.
2025-10-02T10:21:07.160+09:00  INFO 6992 --- [sboard] [Test worker] o.hibernate.jpa.internal.util.LogHelper  : HHH000204: Processing PersistenceUnitInfo [name: default]
2025-10-02T10:21:07.229+09:00  INFO 6992 --- [sboard] [Test worker] org.hibernate.Version                    : HHH000412: Hibernate ORM core version 6.6.29.Final
2025-10-02T10:21:07.276+09:00  INFO 6992 --- [sboard] [Test worker] o.h.c.internal.RegionFactoryInitiator    : HHH000026: Second-level cache disabled
2025-10-02T10:21:07.622+09:00  INFO 6992 --- [sboard] [Test worker] o.s.o.j.p.SpringPersistenceUnitInfo      : No LoadTimeWeaver setup: ignoring JPA class transformer
2025-10-02T10:21:07.661+09:00  INFO 6992 --- [sboard] [Test worker] com.zaxxer.hikari.HikariDataSource       : HikariPool-1 - Starting...
2025-10-02T10:21:07.668+09:00  WARN 6992 --- [sboard] [Test worker] c.zaxxer.hikari.util.DriverDataSource    : Registered driver with driverClassName=oracle.jdbc.driver.OracleDriver was not found, trying direct instantiation.
2025-10-02T10:21:08.123+09:00  INFO 6992 --- [sboard] [Test worker] com.zaxxer.hikari.pool.HikariPool        : HikariPool-1 - Added connection oracle.jdbc.driver.T4CConnection@65ff4b8c
2025-10-02T10:21:08.125+09:00  INFO 6992 --- [sboard] [Test worker] com.zaxxer.hikari.HikariDataSource       : HikariPool-1 - Start completed.
2025-10-02T10:21:08.468+09:00  INFO 6992 --- [sboard] [Test worker] org.hibernate.orm.connections.pooling    : HHH10001005: Database info:
	Database JDBC URL [Connecting through datasource 'HikariDataSource (HikariPool-1)']
	Database driver: undefined/unknown
	Database version: 21.3
	Autocommit mode: undefined/unknown
	Isolation level: undefined/unknown
	Minimum pool size: undefined/unknown
	Maximum pool size: undefined/unknown
2025-10-02T10:21:09.419+09:00  INFO 6992 --- [sboard] [Test worker] o.h.e.t.j.p.i.JtaPlatformInitiator       : HHH000489: No JTA platform available (set 'hibernate.transaction.jta.platform' to enable JTA platform integration)
2025-10-02T10:21:09.422+09:00  INFO 6992 --- [sboard] [Test worker] j.LocalContainerEntityManagerFactoryBean : Initialized JPA EntityManagerFactory for persistence unit 'default'
2025-10-02T10:21:10.317+09:00  WARN 6992 --- [sboard] [Test worker] JpaBaseConfiguration$JpaWebConfiguration : spring.jpa.open-in-view is enabled by default. Therefore, database queries may be performed during view rendering. Explicitly configure spring.jpa.open-in-view to disable this warning
2025-10-02T10:21:10.362+09:00  INFO 6992 --- [sboard] [Test worker] r$InitializeUserDetailsManagerConfigurer : Global AuthenticationManager configured with UserDetailsService bean with name myUserDetailsService
2025-10-02T10:21:10.475+09:00  INFO 6992 --- [sboard] [Test worker] o.s.b.a.w.s.WelcomePageHandlerMapping    : Adding welcome page template: index
2025-10-02T10:21:11.089+09:00  INFO 6992 --- [sboard] [Test worker] kr.co.sboard.mapper.ArticleMapperTest    : Started ArticleMapperTest in 5.981 seconds (process running for 7.219)
2025-10-02T10:21:11.732+09:00  INFO 6992 --- [sboard] [SpringApplicationShutdownHook] j.LocalContainerEntityManagerFactoryBean : Closing JPA EntityManagerFactory for persistence unit 'default'
2025-10-02T10:21:11.735+09:00  INFO 6992 --- [sboard] [SpringApplicationShutdownHook] com.zaxxer.hikari.HikariDataSource       : HikariPool-1 - Shutdown initiated...
2025-10-02T10:21:11.837+09:00  INFO 6992 --- [sboard] [SpringApplicationShutdownHook] com.zaxxer.hikari.HikariDataSource       : HikariPool-1 - Shutdown completed.
2025-10-02T10:34:17.712+09:00  INFO 3380 --- [sboard] [Test worker] kr.co.sboard.mapper.ArticleMapperTest    : Starting ArticleMapperTest v0.0.4-SNAPSHOT using Java 17.0.16 with PID 3380 (started by GGG in C:\Users\GGG\Desktop\workspace\sboard)
2025-10-02T10:34:17.714+09:00  INFO 3380 --- [sboard] [Test worker] kr.co.sboard.mapper.ArticleMapperTest    : No active profile set, falling back to 1 default profile: "default"
2025-10-02T10:34:18.530+09:00  INFO 3380 --- [sboard] [Test worker] .s.d.r.c.RepositoryConfigurationDelegate : Bootstrapping Spring Data JPA repositories in DEFAULT mode.
2025-10-02T10:34:18.610+09:00  INFO 3380 --- [sboard] [Test worker] .s.d.r.c.RepositoryConfigurationDelegate : Finished Spring Data repository scanning in 67 ms. Found 4 JPA repository interfaces.
2025-10-02T10:34:19.332+09:00  INFO 3380 --- [sboard] [Test worker] o.hibernate.jpa.internal.util.LogHelper  : HHH000204: Processing PersistenceUnitInfo [name: default]
2025-10-02T10:34:19.400+09:00  INFO 3380 --- [sboard] [Test worker] org.hibernate.Version                    : HHH000412: Hibernate ORM core version 6.6.29.Final
2025-10-02T10:34:19.445+09:00  INFO 3380 --- [sboard] [Test worker] o.h.c.internal.RegionFactoryInitiator    : HHH000026: Second-level cache disabled
2025-10-02T10:34:19.813+09:00  INFO 3380 --- [sboard] [Test worker] o.s.o.j.p.SpringPersistenceUnitInfo      : No LoadTimeWeaver setup: ignoring JPA class transformer
2025-10-02T10:34:19.847+09:00  INFO 3380 --- [sboard] [Test worker] com.zaxxer.hikari.HikariDataSource       : HikariPool-1 - Starting...
2025-10-02T10:34:19.851+09:00  WARN 3380 --- [sboard] [Test worker] c.zaxxer.hikari.util.DriverDataSource    : Registered driver with driverClassName=oracle.jdbc.driver.OracleDriver was not found, trying direct instantiation.
2025-10-02T10:34:20.330+09:00  INFO 3380 --- [sboard] [Test worker] com.zaxxer.hikari.pool.HikariPool        : HikariPool-1 - Added connection oracle.jdbc.driver.T4CConnection@22ff11ef
2025-10-02T10:34:20.331+09:00  INFO 3380 --- [sboard] [Test worker] com.zaxxer.hikari.HikariDataSource       : HikariPool-1 - Start completed.
2025-10-02T10:34:20.705+09:00  INFO 3380 --- [sboard] [Test worker] org.hibernate.orm.connections.pooling    : HHH10001005: Database info:
	Database JDBC URL [Connecting through datasource 'HikariDataSource (HikariPool-1)']
	Database driver: undefined/unknown
	Database version: 21.3
	Autocommit mode: undefined/unknown
	Isolation level: undefined/unknown
	Minimum pool size: undefined/unknown
	Maximum pool size: undefined/unknown
2025-10-02T10:34:21.592+09:00  INFO 3380 --- [sboard] [Test worker] o.h.e.t.j.p.i.JtaPlatformInitiator       : HHH000489: No JTA platform available (set 'hibernate.transaction.jta.platform' to enable JTA platform integration)
2025-10-02T10:34:21.595+09:00  INFO 3380 --- [sboard] [Test worker] j.LocalContainerEntityManagerFactoryBean : Initialized JPA EntityManagerFactory for persistence unit 'default'
2025-10-02T10:34:22.330+09:00  WARN 3380 --- [sboard] [Test worker] JpaBaseConfiguration$JpaWebConfiguration : spring.jpa.open-in-view is enabled by default. Therefore, database queries may be performed during view rendering. Explicitly configure spring.jpa.open-in-view to disable this warning
2025-10-02T10:34:22.369+09:00  INFO 3380 --- [sboard] [Test worker] r$InitializeUserDetailsManagerConfigurer : Global AuthenticationManager configured with UserDetailsService bean with name myUserDetailsService
2025-10-02T10:34:22.487+09:00  INFO 3380 --- [sboard] [Test worker] o.s.b.a.w.s.WelcomePageHandlerMapping    : Adding welcome page template: index
2025-10-02T10:34:23.123+09:00  INFO 3380 --- [sboard] [Test worker] kr.co.sboard.mapper.ArticleMapperTest    : Started ArticleMapperTest in 5.797 seconds (process running for 7.015)
2025-10-02T10:34:23.684+09:00  INFO 3380 --- [sboard] [SpringApplicationShutdownHook] j.LocalContainerEntityManagerFactoryBean : Closing JPA EntityManagerFactory for persistence unit 'default'
2025-10-02T10:34:23.688+09:00  INFO 3380 --- [sboard] [SpringApplicationShutdownHook] com.zaxxer.hikari.HikariDataSource       : HikariPool-1 - Shutdown initiated...
2025-10-02T10:34:23.799+09:00  INFO 3380 --- [sboard] [SpringApplicationShutdownHook] com.zaxxer.hikari.HikariDataSource       : HikariPool-1 - Shutdown completed.
2025-10-02T10:35:18.531+09:00  INFO 6024 --- [sboard] [Test worker] kr.co.sboard.mapper.ArticleMapperTest    : Starting ArticleMapperTest v0.0.4-SNAPSHOT using Java 17.0.16 with PID 6024 (started by GGG in C:\Users\GGG\Desktop\workspace\sboard)
2025-10-02T10:35:18.532+09:00  INFO 6024 --- [sboard] [Test worker] kr.co.sboard.mapper.ArticleMapperTest    : No active profile set, falling back to 1 default profile: "default"
2025-10-02T10:35:19.329+09:00  INFO 6024 --- [sboard] [Test worker] .s.d.r.c.RepositoryConfigurationDelegate : Bootstrapping Spring Data JPA repositories in DEFAULT mode.
2025-10-02T10:35:19.416+09:00  INFO 6024 --- [sboard] [Test worker] .s.d.r.c.RepositoryConfigurationDelegate : Finished Spring Data repository scanning in 74 ms. Found 4 JPA repository interfaces.
2025-10-02T10:35:20.124+09:00  INFO 6024 --- [sboard] [Test worker] o.hibernate.jpa.internal.util.LogHelper  : HHH000204: Processing PersistenceUnitInfo [name: default]
2025-10-02T10:35:20.199+09:00  INFO 6024 --- [sboard] [Test worker] org.hibernate.Version                    : HHH000412: Hibernate ORM core version 6.6.29.Final
2025-10-02T10:35:20.246+09:00  INFO 6024 --- [sboard] [Test worker] o.h.c.internal.RegionFactoryInitiator    : HHH000026: Second-level cache disabled
2025-10-02T10:35:20.583+09:00  INFO 6024 --- [sboard] [Test worker] o.s.o.j.p.SpringPersistenceUnitInfo      : No LoadTimeWeaver setup: ignoring JPA class transformer
2025-10-02T10:35:20.617+09:00  INFO 6024 --- [sboard] [Test worker] com.zaxxer.hikari.HikariDataSource       : HikariPool-1 - Starting...
2025-10-02T10:35:20.621+09:00  WARN 6024 --- [sboard] [Test worker] c.zaxxer.hikari.util.DriverDataSource    : Registered driver with driverClassName=oracle.jdbc.driver.OracleDriver was not found, trying direct instantiation.
2025-10-02T10:35:21.065+09:00  INFO 6024 --- [sboard] [Test worker] com.zaxxer.hikari.pool.HikariPool        : HikariPool-1 - Added connection oracle.jdbc.driver.T4CConnection@4b511e61
2025-10-02T10:35:21.067+09:00  INFO 6024 --- [sboard] [Test worker] com.zaxxer.hikari.HikariDataSource       : HikariPool-1 - Start completed.
2025-10-02T10:35:21.419+09:00  INFO 6024 --- [sboard] [Test worker] org.hibernate.orm.connections.pooling    : HHH10001005: Database info:
	Database JDBC URL [Connecting through datasource 'HikariDataSource (HikariPool-1)']
	Database driver: undefined/unknown
	Database version: 21.3
	Autocommit mode: undefined/unknown
	Isolation level: undefined/unknown
	Minimum pool size: undefined/unknown
	Maximum pool size: undefined/unknown
2025-10-02T10:35:22.286+09:00  INFO 6024 --- [sboard] [Test worker] o.h.e.t.j.p.i.JtaPlatformInitiator       : HHH000489: No JTA platform available (set 'hibernate.transaction.jta.platform' to enable JTA platform integration)
2025-10-02T10:35:22.289+09:00  INFO 6024 --- [sboard] [Test worker] j.LocalContainerEntityManagerFactoryBean : Initialized JPA EntityManagerFactory for persistence unit 'default'
2025-10-02T10:35:23.026+09:00  WARN 6024 --- [sboard] [Test worker] JpaBaseConfiguration$JpaWebConfiguration : spring.jpa.open-in-view is enabled by default. Therefore, database queries may be performed during view rendering. Explicitly configure spring.jpa.open-in-view to disable this warning
2025-10-02T10:35:23.084+09:00  INFO 6024 --- [sboard] [Test worker] r$InitializeUserDetailsManagerConfigurer : Global AuthenticationManager configured with UserDetailsService bean with name myUserDetailsService
2025-10-02T10:35:23.191+09:00  INFO 6024 --- [sboard] [Test worker] o.s.b.a.w.s.WelcomePageHandlerMapping    : Adding welcome page template: index
2025-10-02T10:35:23.829+09:00  INFO 6024 --- [sboard] [Test worker] kr.co.sboard.mapper.ArticleMapperTest    : Started ArticleMapperTest in 5.669 seconds (process running for 6.91)
2025-10-02T10:35:24.487+09:00  INFO 6024 --- [sboard] [SpringApplicationShutdownHook] j.LocalContainerEntityManagerFactoryBean : Closing JPA EntityManagerFactory for persistence unit 'default'
2025-10-02T10:35:24.491+09:00  INFO 6024 --- [sboard] [SpringApplicationShutdownHook] com.zaxxer.hikari.HikariDataSource       : HikariPool-1 - Shutdown initiated...
2025-10-02T10:35:24.592+09:00  INFO 6024 --- [sboard] [SpringApplicationShutdownHook] com.zaxxer.hikari.HikariDataSource       : HikariPool-1 - Shutdown completed.
2025-10-02T10:36:15.796+09:00  INFO 6808 --- [sboard] [Test worker] kr.co.sboard.mapper.ArticleMapperTest    : Starting ArticleMapperTest v0.0.4-SNAPSHOT using Java 17.0.16 with PID 6808 (started by GGG in C:\Users\GGG\Desktop\workspace\sboard)
2025-10-02T10:36:15.801+09:00  INFO 6808 --- [sboard] [Test worker] kr.co.sboard.mapper.ArticleMapperTest    : No active profile set, falling back to 1 default profile: "default"
2025-10-02T10:36:16.606+09:00  INFO 6808 --- [sboard] [Test worker] .s.d.r.c.RepositoryConfigurationDelegate : Bootstrapping Spring Data JPA repositories in DEFAULT mode.
2025-10-02T10:36:16.702+09:00  INFO 6808 --- [sboard] [Test worker] .s.d.r.c.RepositoryConfigurationDelegate : Finished Spring Data repository scanning in 85 ms. Found 4 JPA repository interfaces.
2025-10-02T10:36:17.436+09:00  INFO 6808 --- [sboard] [Test worker] o.hibernate.jpa.internal.util.LogHelper  : HHH000204: Processing PersistenceUnitInfo [name: default]
2025-10-02T10:36:17.503+09:00  INFO 6808 --- [sboard] [Test worker] org.hibernate.Version                    : HHH000412: Hibernate ORM core version 6.6.29.Final
2025-10-02T10:36:17.546+09:00  INFO 6808 --- [sboard] [Test worker] o.h.c.internal.RegionFactoryInitiator    : HHH000026: Second-level cache disabled
2025-10-02T10:36:17.903+09:00  INFO 6808 --- [sboard] [Test worker] o.s.o.j.p.SpringPersistenceUnitInfo      : No LoadTimeWeaver setup: ignoring JPA class transformer
2025-10-02T10:36:17.939+09:00  INFO 6808 --- [sboard] [Test worker] com.zaxxer.hikari.HikariDataSource       : HikariPool-1 - Starting...
2025-10-02T10:36:17.943+09:00  WARN 6808 --- [sboard] [Test worker] c.zaxxer.hikari.util.DriverDataSource    : Registered driver with driverClassName=oracle.jdbc.driver.OracleDriver was not found, trying direct instantiation.
2025-10-02T10:36:18.386+09:00  INFO 6808 --- [sboard] [Test worker] com.zaxxer.hikari.pool.HikariPool        : HikariPool-1 - Added connection oracle.jdbc.driver.T4CConnection@22ff11ef
2025-10-02T10:36:18.388+09:00  INFO 6808 --- [sboard] [Test worker] com.zaxxer.hikari.HikariDataSource       : HikariPool-1 - Start completed.
2025-10-02T10:36:18.715+09:00  INFO 6808 --- [sboard] [Test worker] org.hibernate.orm.connections.pooling    : HHH10001005: Database info:
	Database JDBC URL [Connecting through datasource 'HikariDataSource (HikariPool-1)']
	Database driver: undefined/unknown
	Database version: 21.3
	Autocommit mode: undefined/unknown
	Isolation level: undefined/unknown
	Minimum pool size: undefined/unknown
	Maximum pool size: undefined/unknown
2025-10-02T10:36:19.632+09:00  INFO 6808 --- [sboard] [Test worker] o.h.e.t.j.p.i.JtaPlatformInitiator       : HHH000489: No JTA platform available (set 'hibernate.transaction.jta.platform' to enable JTA platform integration)
2025-10-02T10:36:19.635+09:00  INFO 6808 --- [sboard] [Test worker] j.LocalContainerEntityManagerFactoryBean : Initialized JPA EntityManagerFactory for persistence unit 'default'
2025-10-02T10:36:20.392+09:00  WARN 6808 --- [sboard] [Test worker] JpaBaseConfiguration$JpaWebConfiguration : spring.jpa.open-in-view is enabled by default. Therefore, database queries may be performed during view rendering. Explicitly configure spring.jpa.open-in-view to disable this warning
2025-10-02T10:36:20.433+09:00  INFO 6808 --- [sboard] [Test worker] r$InitializeUserDetailsManagerConfigurer : Global AuthenticationManager configured with UserDetailsService bean with name myUserDetailsService
2025-10-02T10:36:20.542+09:00  INFO 6808 --- [sboard] [Test worker] o.s.b.a.w.s.WelcomePageHandlerMapping    : Adding welcome page template: index
2025-10-02T10:36:21.159+09:00  INFO 6808 --- [sboard] [Test worker] kr.co.sboard.mapper.ArticleMapperTest    : Started ArticleMapperTest in 5.774 seconds (process running for 7.022)
2025-10-02T10:36:21.863+09:00  INFO 6808 --- [sboard] [SpringApplicationShutdownHook] j.LocalContainerEntityManagerFactoryBean : Closing JPA EntityManagerFactory for persistence unit 'default'
2025-10-02T10:36:21.866+09:00  INFO 6808 --- [sboard] [SpringApplicationShutdownHook] com.zaxxer.hikari.HikariDataSource       : HikariPool-1 - Shutdown initiated...
2025-10-02T10:36:21.981+09:00  INFO 6808 --- [sboard] [SpringApplicationShutdownHook] com.zaxxer.hikari.HikariDataSource       : HikariPool-1 - Shutdown completed.
2025-10-02T10:45:19.769+09:00  INFO 4140 --- [sboard] [restartedMain] kr.co.sboard.SboardApplication           : Starting SboardApplication v0.0.4-SNAPSHOT using Java 17.0.16 with PID 4140 (C:\Users\GGG\Desktop\workspace\sboard\build\classes\java\main started by GGG in C:\Users\GGG\Desktop\workspace\sboard)
2025-10-02T10:45:19.773+09:00  INFO 4140 --- [sboard] [restartedMain] kr.co.sboard.SboardApplication           : No active profile set, falling back to 1 default profile: "default"
2025-10-02T10:45:19.834+09:00  INFO 4140 --- [sboard] [restartedMain] o.s.b.devtools.restart.ChangeableUrls    : The Class-Path manifest attribute in C:\Users\GGG\.gradle\caches\modules-2\files-2.1\com.oracle.database.jdbc\ojdbc11\23.7.0.25.01\665f52abef9122ce003b5cfc1d9d44f7302e2cfe\ojdbc11-23.7.0.25.01.jar referenced one or more files that do not exist: file:/C:/Users/GGG/.gradle/caches/modules-2/files-2.1/com.oracle.database.jdbc/ojdbc11/23.7.0.25.01/665f52abef9122ce003b5cfc1d9d44f7302e2cfe/oraclepki.jar
2025-10-02T10:45:19.835+09:00  INFO 4140 --- [sboard] [restartedMain] .e.DevToolsPropertyDefaultsPostProcessor : Devtools property defaults active! Set 'spring.devtools.add-properties' to 'false' to disable
2025-10-02T10:45:19.835+09:00  INFO 4140 --- [sboard] [restartedMain] .e.DevToolsPropertyDefaultsPostProcessor : For additional web related logging consider setting the 'logging.level.web' property to 'DEBUG'
2025-10-02T10:45:22.271+09:00  INFO 4140 --- [sboard] [restartedMain] .s.d.r.c.RepositoryConfigurationDelegate : Bootstrapping Spring Data JPA repositories in DEFAULT mode.
2025-10-02T10:45:22.327+09:00  INFO 4140 --- [sboard] [restartedMain] .s.d.r.c.RepositoryConfigurationDelegate : Finished Spring Data repository scanning in 48 ms. Found 4 JPA repository interfaces.
2025-10-02T10:45:23.040+09:00  INFO 4140 --- [sboard] [restartedMain] o.s.b.w.embedded.tomcat.TomcatWebServer  : Tomcat initialized with port 8080 (http)
2025-10-02T10:45:23.053+09:00  INFO 4140 --- [sboard] [restartedMain] o.apache.catalina.core.StandardService   : Starting service [Tomcat]
2025-10-02T10:45:23.053+09:00  INFO 4140 --- [sboard] [restartedMain] o.apache.catalina.core.StandardEngine    : Starting Servlet engine: [Apache Tomcat/10.1.46]
2025-10-02T10:45:23.097+09:00  INFO 4140 --- [sboard] [restartedMain] o.a.c.c.C.[.[localhost].[/sboard]        : Initializing Spring embedded WebApplicationContext
2025-10-02T10:45:23.097+09:00  INFO 4140 --- [sboard] [restartedMain] w.s.c.ServletWebServerApplicationContext : Root WebApplicationContext: initialization completed in 3261 ms
2025-10-02T10:45:23.278+09:00  INFO 4140 --- [sboard] [restartedMain] o.hibernate.jpa.internal.util.LogHelper  : HHH000204: Processing PersistenceUnitInfo [name: default]
2025-10-02T10:45:23.330+09:00  INFO 4140 --- [sboard] [restartedMain] org.hibernate.Version                    : HHH000412: Hibernate ORM core version 6.6.29.Final
2025-10-02T10:45:23.362+09:00  INFO 4140 --- [sboard] [restartedMain] o.h.c.internal.RegionFactoryInitiator    : HHH000026: Second-level cache disabled
2025-10-02T10:45:23.622+09:00  INFO 4140 --- [sboard] [restartedMain] o.s.o.j.p.SpringPersistenceUnitInfo      : No LoadTimeWeaver setup: ignoring JPA class transformer
2025-10-02T10:45:23.653+09:00  INFO 4140 --- [sboard] [restartedMain] com.zaxxer.hikari.HikariDataSource       : HikariPool-1 - Starting...
2025-10-02T10:45:23.656+09:00  WARN 4140 --- [sboard] [restartedMain] c.zaxxer.hikari.util.DriverDataSource    : Registered driver with driverClassName=oracle.jdbc.driver.OracleDriver was not found, trying direct instantiation.
2025-10-02T10:45:24.014+09:00  INFO 4140 --- [sboard] [restartedMain] com.zaxxer.hikari.pool.HikariPool        : HikariPool-1 - Added connection oracle.jdbc.driver.T4CConnection@38f59451
2025-10-02T10:45:24.016+09:00  INFO 4140 --- [sboard] [restartedMain] com.zaxxer.hikari.HikariDataSource       : HikariPool-1 - Start completed.
2025-10-02T10:45:24.313+09:00  INFO 4140 --- [sboard] [restartedMain] org.hibernate.orm.connections.pooling    : HHH10001005: Database info:
	Database JDBC URL [Connecting through datasource 'HikariDataSource (HikariPool-1)']
	Database driver: undefined/unknown
	Database version: 21.3
	Autocommit mode: undefined/unknown
	Isolation level: undefined/unknown
	Minimum pool size: undefined/unknown
	Maximum pool size: undefined/unknown
2025-10-02T10:45:25.145+09:00  INFO 4140 --- [sboard] [restartedMain] o.h.e.t.j.p.i.JtaPlatformInitiator       : HHH000489: No JTA platform available (set 'hibernate.transaction.jta.platform' to enable JTA platform integration)
2025-10-02T10:45:25.148+09:00  INFO 4140 --- [sboard] [restartedMain] j.LocalContainerEntityManagerFactoryBean : Initialized JPA EntityManagerFactory for persistence unit 'default'
2025-10-02T10:45:25.684+09:00  WARN 4140 --- [sboard] [restartedMain] JpaBaseConfiguration$JpaWebConfiguration : spring.jpa.open-in-view is enabled by default. Therefore, database queries may be performed during view rendering. Explicitly configure spring.jpa.open-in-view to disable this warning
2025-10-02T10:45:25.714+09:00  INFO 4140 --- [sboard] [restartedMain] r$InitializeUserDetailsManagerConfigurer : Global AuthenticationManager configured with UserDetailsService bean with name myUserDetailsService
2025-10-02T10:45:25.792+09:00  INFO 4140 --- [sboard] [restartedMain] o.s.b.a.w.s.WelcomePageHandlerMapping    : Adding welcome page template: index
2025-10-02T10:45:26.139+09:00  INFO 4140 --- [sboard] [restartedMain] o.s.b.d.a.OptionalLiveReloadServer       : LiveReload server is running on port 35729
2025-10-02T10:45:26.169+09:00  INFO 4140 --- [sboard] [restartedMain] o.s.b.w.embedded.tomcat.TomcatWebServer  : Tomcat started on port 8080 (http) with context path '/sboard'
2025-10-02T10:45:26.177+09:00  INFO 4140 --- [sboard] [restartedMain] kr.co.sboard.SboardApplication           : Started SboardApplication in 7.065 seconds (process running for 7.918)
2025-10-02T10:45:31.052+09:00  INFO 4140 --- [sboard] [File Watcher] rtingClassPathChangeChangedEventListener : Restarting due to 2 class path changes (0 additions, 0 deletions, 2 modifications)
2025-10-02T10:45:31.054+09:00  INFO 4140 --- [sboard] [Thread-7] o.s.b.w.e.tomcat.GracefulShutdown        : Commencing graceful shutdown. Waiting for active requests to complete
2025-10-02T10:45:31.117+09:00  INFO 4140 --- [sboard] [tomcat-shutdown] o.s.b.w.e.tomcat.GracefulShutdown        : Graceful shutdown complete
2025-10-02T10:45:31.121+09:00  INFO 4140 --- [sboard] [Thread-7] j.LocalContainerEntityManagerFactoryBean : Closing JPA EntityManagerFactory for persistence unit 'default'
2025-10-02T10:45:31.123+09:00  INFO 4140 --- [sboard] [Thread-7] com.zaxxer.hikari.HikariDataSource       : HikariPool-1 - Shutdown initiated...
2025-10-02T10:45:31.228+09:00  INFO 4140 --- [sboard] [Thread-7] com.zaxxer.hikari.HikariDataSource       : HikariPool-1 - Shutdown completed.
2025-10-02T10:45:31.312+09:00  INFO 4140 --- [sboard] [restartedMain] kr.co.sboard.SboardApplication           : Starting SboardApplication v0.0.4-SNAPSHOT using Java 17.0.16 with PID 4140 (C:\Users\GGG\Desktop\workspace\sboard\build\classes\java\main started by GGG in C:\Users\GGG\Desktop\workspace\sboard)
2025-10-02T10:45:31.312+09:00  INFO 4140 --- [sboard] [restartedMain] kr.co.sboard.SboardApplication           : No active profile set, falling back to 1 default profile: "default"
2025-10-02T10:45:31.559+09:00  INFO 4140 --- [sboard] [restartedMain] .s.d.r.c.RepositoryConfigurationDelegate : Bootstrapping Spring Data JPA repositories in DEFAULT mode.
2025-10-02T10:45:31.585+09:00  INFO 4140 --- [sboard] [restartedMain] .s.d.r.c.RepositoryConfigurationDelegate : Finished Spring Data repository scanning in 22 ms. Found 4 JPA repository interfaces.
2025-10-02T10:45:31.682+09:00  INFO 4140 --- [sboard] [restartedMain] o.s.b.w.embedded.tomcat.TomcatWebServer  : Tomcat initialized with port 8080 (http)
2025-10-02T10:45:31.683+09:00  INFO 4140 --- [sboard] [restartedMain] o.apache.catalina.core.StandardService   : Starting service [Tomcat]
2025-10-02T10:45:31.683+09:00  INFO 4140 --- [sboard] [restartedMain] o.apache.catalina.core.StandardEngine    : Starting Servlet engine: [Apache Tomcat/10.1.46]
2025-10-02T10:45:31.702+09:00  INFO 4140 --- [sboard] [restartedMain] o.a.c.c.C.[.[localhost].[/sboard]        : Initializing Spring embedded WebApplicationContext
2025-10-02T10:45:31.702+09:00  INFO 4140 --- [sboard] [restartedMain] w.s.c.ServletWebServerApplicationContext : Root WebApplicationContext: initialization completed in 389 ms
2025-10-02T10:45:31.729+09:00  INFO 4140 --- [sboard] [restartedMain] o.hibernate.jpa.internal.util.LogHelper  : HHH000204: Processing PersistenceUnitInfo [name: default]
2025-10-02T10:45:31.733+09:00  INFO 4140 --- [sboard] [restartedMain] o.h.c.internal.RegionFactoryInitiator    : HHH000026: Second-level cache disabled
2025-10-02T10:45:31.743+09:00  INFO 4140 --- [sboard] [restartedMain] o.s.o.j.p.SpringPersistenceUnitInfo      : No LoadTimeWeaver setup: ignoring JPA class transformer
2025-10-02T10:45:31.745+09:00  INFO 4140 --- [sboard] [restartedMain] com.zaxxer.hikari.HikariDataSource       : HikariPool-2 - Starting...
2025-10-02T10:45:31.745+09:00  WARN 4140 --- [sboard] [restartedMain] c.zaxxer.hikari.util.DriverDataSource    : Registered driver with driverClassName=oracle.jdbc.driver.OracleDriver was not found, trying direct instantiation.
2025-10-02T10:45:31.875+09:00  INFO 4140 --- [sboard] [restartedMain] com.zaxxer.hikari.pool.HikariPool        : HikariPool-2 - Added connection oracle.jdbc.driver.T4CConnection@247a88d4
2025-10-02T10:45:31.876+09:00  INFO 4140 --- [sboard] [restartedMain] com.zaxxer.hikari.HikariDataSource       : HikariPool-2 - Start completed.
2025-10-02T10:45:31.942+09:00  INFO 4140 --- [sboard] [restartedMain] org.hibernate.orm.connections.pooling    : HHH10001005: Database info:
	Database JDBC URL [Connecting through datasource 'HikariDataSource (HikariPool-2)']
	Database driver: undefined/unknown
	Database version: 21.3
	Autocommit mode: undefined/unknown
	Isolation level: undefined/unknown
	Minimum pool size: undefined/unknown
	Maximum pool size: undefined/unknown
2025-10-02T10:45:32.006+09:00  INFO 4140 --- [sboard] [restartedMain] o.h.e.t.j.p.i.JtaPlatformInitiator       : HHH000489: No JTA platform available (set 'hibernate.transaction.jta.platform' to enable JTA platform integration)
2025-10-02T10:45:32.006+09:00  INFO 4140 --- [sboard] [restartedMain] j.LocalContainerEntityManagerFactoryBean : Initialized JPA EntityManagerFactory for persistence unit 'default'
2025-10-02T10:45:32.104+09:00  WARN 4140 --- [sboard] [restartedMain] JpaBaseConfiguration$JpaWebConfiguration : spring.jpa.open-in-view is enabled by default. Therefore, database queries may be performed during view rendering. Explicitly configure spring.jpa.open-in-view to disable this warning
2025-10-02T10:45:32.111+09:00  INFO 4140 --- [sboard] [restartedMain] r$InitializeUserDetailsManagerConfigurer : Global AuthenticationManager configured with UserDetailsService bean with name myUserDetailsService
2025-10-02T10:45:32.119+09:00  INFO 4140 --- [sboard] [restartedMain] o.s.b.a.w.s.WelcomePageHandlerMapping    : Adding welcome page template: index
2025-10-02T10:45:32.215+09:00  INFO 4140 --- [sboard] [restartedMain] o.s.b.d.a.OptionalLiveReloadServer       : LiveReload server is running on port 35729
2025-10-02T10:45:32.225+09:00  INFO 4140 --- [sboard] [restartedMain] o.s.b.w.embedded.tomcat.TomcatWebServer  : Tomcat started on port 8080 (http) with context path '/sboard'
2025-10-02T10:45:32.228+09:00  INFO 4140 --- [sboard] [restartedMain] kr.co.sboard.SboardApplication           : Started SboardApplication in 0.944 seconds (process running for 13.968)
2025-10-02T10:45:32.230+09:00  INFO 4140 --- [sboard] [restartedMain] .ConditionEvaluationDeltaLoggingListener : Condition evaluation unchanged
2025-10-02T10:45:37.822+09:00  INFO 4140 --- [sboard] [http-nio-8080-exec-4] o.a.c.c.C.[.[localhost].[/sboard]        : Initializing Spring DispatcherServlet 'dispatcherServlet'
2025-10-02T10:45:37.822+09:00  INFO 4140 --- [sboard] [http-nio-8080-exec-4] o.s.web.servlet.DispatcherServlet        : Initializing Servlet 'dispatcherServlet'
2025-10-02T10:45:37.823+09:00  INFO 4140 --- [sboard] [http-nio-8080-exec-4] o.s.web.servlet.DispatcherServlet        : Completed initialization in 1 ms
2025-10-02T10:45:53.764+09:00  INFO 4140 --- [sboard] [http-nio-8080-exec-10] k.c.sboard.controller.ArticleController  : pageRequestDTO = PageRequestDTO(no=1, pg=1, size=10, cate=free, searchType=content, keyword=준, offset=0)
2025-10-02T10:46:04.316+09:00  INFO 4140 --- [sboard] [http-nio-8080-exec-4] k.c.sboard.controller.ArticleController  : pageRequestDTO = PageRequestDTO(no=1, pg=2, size=10, cate=free, searchType=content, keyword=준, offset=10)
2025-10-02T10:46:06.826+09:00  INFO 4140 --- [sboard] [http-nio-8080-exec-2] k.c.sboard.controller.ArticleController  : pageRequestDTO = PageRequestDTO(no=1, pg=3, size=10, cate=free, searchType=content, keyword=준, offset=20)
2025-10-02T10:46:07.907+09:00  INFO 4140 --- [sboard] [http-nio-8080-exec-6] k.c.sboard.controller.ArticleController  : pageRequestDTO = PageRequestDTO(no=1, pg=4, size=10, cate=free, searchType=content, keyword=준, offset=30)
2025-10-02T10:46:09.356+09:00  INFO 4140 --- [sboard] [http-nio-8080-exec-8] k.c.sboard.controller.ArticleController  : pageRequestDTO = PageRequestDTO(no=1, pg=10, size=10, cate=free, searchType=content, keyword=준, offset=90)
2025-10-02T10:46:10.826+09:00  INFO 4140 --- [sboard] [http-nio-8080-exec-10] k.c.sboard.controller.ArticleController  : pageRequestDTO = PageRequestDTO(no=1, pg=1, size=10, cate=free, searchType=content, keyword=준, offset=0)
